<?xml version="1.0" encoding="UTF-8"?>
<testsuite xmlns:xsi="http://www.w3.org/2001/XMLSchema-instance" xsi:noNamespaceSchemaLocation="https://maven.apache.org/surefire/maven-surefire-plugin/xsd/surefire-test-report.xsd" version="3.0.2" name="online.sis_ucb.meetings_service.MeetingsServiceApplicationTests" time="2.522" tests="1" errors="0" skipped="0" failures="0">
  <properties>
[...]
</properties>
  <testcase name="contextLoads" classname="online.sis_ucb.meetings_service.MeetingsServiceApplicationTests" time="0.54">
    <system-out><![CDATA[13:44:35.517 [main] INFO org.springframework.test.context.support.AnnotationConfigContextLoaderUtils -- Could not detect default configuration classes for test class [online.sis_ucb.meetings_service.MeetingsServiceApplicationTests]: MeetingsServiceApplicationTests does not declare any static, non-private, non-final, nested classes annotated with @Configuration.
13:44:35.591 [main] INFO org.springframework.boot.test.context.SpringBootTestContextBootstrapper -- Found @SpringBootConfiguration online.sis_ucb.meetings_service.MeetingsServiceApplication for test class online.sis_ucb.meetings_service.MeetingsServiceApplicationTests

  .   ____          _            __ _ _
 /\\ / ___'_ __ _ _(_)_ __  __ _ \ \ \ \
( ( )\___ | '_ | '_| | '_ \/ _` | \ \ \ \
 \\/  ___)| |_)| | | | | || (_| |  ) ) ) )
  '  |____| .__|_| |_|_| |_\__, | / / / /
 =========|_|==============|___/=/_/_/_/

 :: Spring Boot ::                (v3.4.5)

2025-05-03T13:44:35.978-04:00  INFO 29404 --- [meetings_service] [           main] o.s.m.MeetingsServiceApplicationTests    : Starting MeetingsServiceApplicationTests using Java 23.0.2 with PID 29404 (started by taniaperez in /Users/taniaperez/Documents/GitHub/mega-sistema-backend-meetings-service)
2025-05-03T13:44:35.979-04:00 DEBUG 29404 --- [meetings_service] [           main] o.s.m.MeetingsServiceApplicationTests    : Running with Spring Boot v3.4.5, Spring v6.2.6
2025-05-03T13:44:35.979-04:00  INFO 29404 --- [meetings_service] [           main] o.s.m.MeetingsServiceApplicationTests    : No active profile set, falling back to 1 default profile: "default"
2025-05-03T13:44:36.415-04:00  INFO 29404 --- [meetings_service] [           main] o.s.cloud.context.scope.GenericScope     : BeanFactory id=0e200e20-3e08-3775-b198-8bd4f1945e80
2025-05-03T13:44:37.006-04:00  INFO 29404 --- [meetings_service] [           main] DiscoveryClientOptionalArgsConfiguration : Eureka HTTP Client uses RestTemplate.
2025-05-03T13:44:37.026-04:00  WARN 29404 --- [meetings_service] [           main] iguration$LoadBalancerCaffeineWarnLogger : Spring Cloud LoadBalancer is currently working with the default cache. While this cache implementation is useful for development and tests, it's recommended to use Caffeine cache in production.You can switch to using Caffeine cache, by adding it and org.springframework.cache.caffeine.CaffeineCacheManager to the classpath.
2025-05-03T13:44:37.040-04:00  INFO 29404 --- [meetings_service] [           main] o.s.c.n.eureka.InstanceInfoFactory       : Setting initial instance status as: STARTING
2025-05-03T13:44:37.055-04:00  INFO 29404 --- [meetings_service] [           main] com.netflix.discovery.DiscoveryClient    : Initializing Eureka in region us-east-1
2025-05-03T13:44:37.058-04:00  INFO 29404 --- [meetings_service] [           main] c.n.d.s.r.aws.ConfigClusterResolver      : Resolving eureka endpoints via configuration
2025-05-03T13:44:37.062-04:00  INFO 29404 --- [meetings_service] [           main] com.netflix.discovery.DiscoveryClient    : Disable delta property : false
2025-05-03T13:44:37.062-04:00  INFO 29404 --- [meetings_service] [           main] com.netflix.discovery.DiscoveryClient    : Single vip registry refresh property : null
2025-05-03T13:44:37.062-04:00  INFO 29404 --- [meetings_service] [           main] com.netflix.discovery.DiscoveryClient    : Force full registry fetch : false
2025-05-03T13:44:37.062-04:00  INFO 29404 --- [meetings_service] [           main] com.netflix.discovery.DiscoveryClient    : Application is null : false
2025-05-03T13:44:37.062-04:00  INFO 29404 --- [meetings_service] [           main] com.netflix.discovery.DiscoveryClient    : Registered Applications size is zero : true
2025-05-03T13:44:37.062-04:00  INFO 29404 --- [meetings_service] [           main] com.netflix.discovery.DiscoveryClient    : Application version is -1: true
2025-05-03T13:44:37.062-04:00  INFO 29404 --- [meetings_service] [           main] com.netflix.discovery.DiscoveryClient    : Getting all instance registry info from the eureka server
2025-05-03T13:44:37.086-04:00 DEBUG 29404 --- [meetings_service] [           main] o.s.web.client.RestTemplate              : HTTP GET http://172.25.136.15:8761/eureka/apps/
2025-05-03T13:44:37.161-04:00 DEBUG 29404 --- [meetings_service] [           main] o.s.web.client.RestTemplate              : Accept=[application/json, application/*+json]
2025-05-03T13:44:37.347-04:00 DEBUG 29404 --- [meetings_service] [           main] o.s.web.client.RestTemplate              : Response 200 OK
2025-05-03T13:44:37.349-04:00 DEBUG 29404 --- [meetings_service] [           main] o.s.web.client.RestTemplate              : Reading to [org.springframework.cloud.netflix.eureka.http.EurekaApplications]
2025-05-03T13:44:37.374-04:00  INFO 29404 --- [meetings_service] [           main] com.netflix.discovery.DiscoveryClient    : The response status is 200
2025-05-03T13:44:37.381-04:00  INFO 29404 --- [meetings_service] [           main] com.netflix.discovery.DiscoveryClient    : Starting heartbeat executor: renew interval is: 30
2025-05-03T13:44:37.382-04:00  INFO 29404 --- [meetings_service] [           main] c.n.discovery.InstanceInfoReplicator     : InstanceInfoReplicator onDemand update allowed rate per min is 4
2025-05-03T13:44:37.384-04:00  INFO 29404 --- [meetings_service] [           main] com.netflix.discovery.DiscoveryClient    : Discovery Client initialized at timestamp 1746294277383 with initial instances count: 3
2025-05-03T13:44:37.393-04:00  INFO 29404 --- [meetings_service] [           main] o.s.c.n.e.s.EurekaServiceRegistry        : Registering application MEETINGS_SERVICE with eureka with status UP
2025-05-03T13:44:37.394-04:00  INFO 29404 --- [meetings_service] [           main] com.netflix.discovery.DiscoveryClient    : Saw local status change event StatusChangeEvent [timestamp=1746294277394, current=UP, previous=STARTING]
2025-05-03T13:44:37.395-04:00  INFO 29404 --- [meetings_service] [foReplicator-%d] com.netflix.discovery.DiscoveryClient    : DiscoveryClient_MEETINGS_SERVICE/192.168.0.13:meetings_service:8018: registering service...
2025-05-03T13:44:37.400-04:00 DEBUG 29404 --- [meetings_service] [foReplicator-%d] o.s.web.client.RestTemplate              : HTTP POST http://172.25.136.15:8761/eureka/apps/MEETINGS_SERVICE
2025-05-03T13:44:37.401-04:00 DEBUG 29404 --- [meetings_service] [foReplicator-%d] o.s.web.client.RestTemplate              : Accept=[application/json, application/*+json]
2025-05-03T13:44:37.402-04:00  INFO 29404 --- [meetings_service] [           main] o.s.m.MeetingsServiceApplicationTests    : Started MeetingsServiceApplicationTests in 1.592 seconds (process running for 2.298)
2025-05-03T13:44:37.408-04:00 DEBUG 29404 --- [meetings_service] [foReplicator-%d] o.s.web.client.RestTemplate              : Writing [InstanceInfo [instanceId = 192.168.0.13:meetings_service:8018, appName = MEETINGS_SERVICE, hostName = 192.168.0.13, status = UP, ipAddr = 192.168.0.13, port = 8018, securePort = 443, dataCenterInfo = com.netflix.appinfo.MyDataCenterInfo@54d13fa2] as "application/json"
2025-05-03T13:44:37.541-04:00 DEBUG 29404 --- [meetings_service] [foReplicator-%d] o.s.web.client.RestTemplate              : Response 204 NO_CONTENT
2025-05-03T13:44:37.541-04:00  INFO 29404 --- [meetings_service] [foReplicator-%d] com.netflix.discovery.DiscoveryClient    : DiscoveryClient_MEETINGS_SERVICE/192.168.0.13:meetings_service:8018 - registration status: 204
]]></system-out>
    <system-err><![CDATA[Mockito is currently self-attaching to enable the inline-mock-maker. This will no longer work in future releases of the JDK. Please add Mockito as an agent to your build what is described in Mockito's documentation: https://javadoc.io/doc/org.mockito/mockito-core/latest/org/mockito/Mockito.html#0.3
WARNING: A Java agent has been loaded dynamically (/Users/taniaperez/.m2/repository/net/bytebuddy/byte-buddy-agent/1.15.11/byte-buddy-agent-1.15.11.jar)
WARNING: If a serviceability tool is in use, please run with -XX:+EnableDynamicAgentLoading to hide this warning
WARNING: If a serviceability tool is not in use, please run with -Djdk.instrument.traceUsage for more information
WARNING: Dynamic loading of agents will be disallowed by default in a future release
]]></system-err>
  </testcase>
</testsuite>